#! /mingw64/bin/vvp
:ivl_version "12.0 (stable)";
:ivl_delay_selection "TYPICAL";
:vpi_time_precision + 0;
:vpi_module "C:\msys64\mingw64\lib\ivl\system.vpi";
:vpi_module "C:\msys64\mingw64\lib\ivl\vhdl_sys.vpi";
:vpi_module "C:\msys64\mingw64\lib\ivl\vhdl_textio.vpi";
:vpi_module "C:\msys64\mingw64\lib\ivl\v2005_math.vpi";
:vpi_module "C:\msys64\mingw64\lib\ivl\va_math.vpi";
:vpi_module "C:\msys64\mingw64\lib\ivl\v2009.vpi";
S_00000261a9ebc230 .scope package, "$unit" "$unit" 2 1;
 .timescale 0 0;
S_00000261a9ebc530 .scope module, "tb_dff" "tb_dff" 3 1;
 .timescale 0 0;
v00000261a9ec7d60_0 .var "clk", 0 0;
v00000261a9ec7ae0_0 .var "d", 0 0;
v00000261a9ec8080_0 .var "en", 0 0;
v00000261a9ec8260_0 .var "exp_q", 0 0;
v00000261a9ec7f40_0 .net "q", 0 0, v00000261a9ec81c0_0;  1 drivers
v00000261a9ec7fe0_0 .var "rst", 0 0;
E_00000261a9ebac20 .event negedge, v00000261a9ec79a0_0;
S_00000261a9eccc50 .scope task, "check" "check" 3 53, 3 53 0, S_00000261a9ebc530;
 .timescale 0 0;
v00000261a9eba0d0_0 .var/str "msg";
TD_tb_dff.check ;
    %load/vec4 v00000261a9ec7f40_0;
    %load/vec4 v00000261a9ec8260_0;
    %cmp/ne;
    %jmp/0xz  T_0.0, 6;
    %vpi_call/w 3 57 "$error", "Failed, %s, expected = %0b, actual = %0b", v00000261a9eba0d0_0, v00000261a9ec8260_0, v00000261a9ec7f40_0 {0 0 0};
    %jmp T_0.1;
T_0.0 ;
    %vpi_call/w 3 59 "$display", "Passed, %s, q = %0b", v00000261a9eba0d0_0, v00000261a9ec7f40_0 {0 0 0};
T_0.1 ;
    %end;
S_00000261a9eccde0 .scope task, "drive_ip" "drive_ip" 3 40, 3 40 0, S_00000261a9ebc530;
 .timescale 0 0;
v00000261a9e96b30_0 .var "d_i", 0 0;
v00000261a9eccf70_0 .var "en_i", 0 0;
E_00000261a9ebaca0 .event posedge, v00000261a9ecd010_0;
TD_tb_dff.drive_ip ;
    %load/vec4 v00000261a9eccf70_0;
    %store/vec4 v00000261a9ec8080_0, 0, 1;
    %load/vec4 v00000261a9e96b30_0;
    %store/vec4 v00000261a9ec7ae0_0, 0, 1;
    %wait E_00000261a9ebaca0;
    %end;
S_00000261a9ec7180 .scope module, "dut" "d_ff" 3 12, 4 1 0, S_00000261a9ebc530;
 .timescale 0 0;
    .port_info 0 /INPUT 1 "rst";
    .port_info 1 /INPUT 1 "clk";
    .port_info 2 /INPUT 1 "en";
    .port_info 3 /INPUT 1 "d";
    .port_info 4 /OUTPUT 1 "q";
v00000261a9ecd010_0 .net "clk", 0 0, v00000261a9ec7d60_0;  1 drivers
v00000261a9ec7310_0 .net "d", 0 0, v00000261a9ec7ae0_0;  1 drivers
v00000261a9ec73b0_0 .net "en", 0 0, v00000261a9ec8080_0;  1 drivers
v00000261a9ec81c0_0 .var "q", 0 0;
v00000261a9ec79a0_0 .net "rst", 0 0, v00000261a9ec7fe0_0;  1 drivers
E_00000261a9ebad60 .event posedge, v00000261a9ec79a0_0, v00000261a9ecd010_0;
    .scope S_00000261a9ec7180;
T_2 ;
    %wait E_00000261a9ebad60;
    %load/vec4 v00000261a9ec79a0_0;
    %flag_set/vec4 8;
    %jmp/0xz  T_2.0, 8;
    %pushi/vec4 0, 0, 1;
    %assign/vec4 v00000261a9ec81c0_0, 0;
    %jmp T_2.1;
T_2.0 ;
    %load/vec4 v00000261a9ec73b0_0;
    %flag_set/vec4 8;
    %jmp/0xz  T_2.2, 8;
    %load/vec4 v00000261a9ec7310_0;
    %assign/vec4 v00000261a9ec81c0_0, 0;
T_2.2 ;
T_2.1 ;
    %jmp T_2;
    .thread T_2;
    .scope S_00000261a9ebc530;
T_3 ;
    %pushi/vec4 0, 0, 1;
    %store/vec4 v00000261a9ec7d60_0, 0, 1;
    %end;
    .thread T_3;
    .scope S_00000261a9ebc530;
T_4 ;
    %delay 5, 0;
    %load/vec4 v00000261a9ec7d60_0;
    %inv;
    %store/vec4 v00000261a9ec7d60_0, 0, 1;
    %jmp T_4;
    .thread T_4;
    .scope S_00000261a9ebc530;
T_5 ;
    %pushi/vec4 1, 0, 1;
    %store/vec4 v00000261a9ec7fe0_0, 0, 1;
    %pushi/vec4 0, 0, 1;
    %store/vec4 v00000261a9ec8080_0, 0, 1;
    %pushi/vec4 0, 0, 1;
    %store/vec4 v00000261a9ec7ae0_0, 0, 1;
    %pushi/vec4 0, 0, 1;
    %store/vec4 v00000261a9ec8260_0, 0, 1;
    %delay 20, 0;
    %pushi/vec4 0, 0, 1;
    %store/vec4 v00000261a9ec7fe0_0, 0, 1;
    %end;
    .thread T_5;
    .scope S_00000261a9ebc530;
T_6 ;
    %wait E_00000261a9ebad60;
    %load/vec4 v00000261a9ec7fe0_0;
    %flag_set/vec4 8;
    %jmp/0xz  T_6.0, 8;
    %pushi/vec4 0, 0, 1;
    %assign/vec4 v00000261a9ec8260_0, 0;
    %jmp T_6.1;
T_6.0 ;
    %load/vec4 v00000261a9ec8080_0;
    %flag_set/vec4 8;
    %jmp/0xz  T_6.2, 8;
    %load/vec4 v00000261a9ec7ae0_0;
    %assign/vec4 v00000261a9ec8260_0, 0;
T_6.2 ;
T_6.1 ;
    %jmp T_6;
    .thread T_6;
    .scope S_00000261a9ebc530;
T_7 ;
    %wait E_00000261a9ebac20;
    %fork t_1, S_00000261a9ebc530;
    %fork t_2, S_00000261a9ebc530;
    %join;
    %join;
    %jmp t_0;
t_1 ;
    %pushi/vec4 1, 0, 1;
    %store/vec4 v00000261a9eccf70_0, 0, 1;
    %pushi/vec4 1, 0, 1;
    %store/vec4 v00000261a9e96b30_0, 0, 1;
    %fork TD_tb_dff.drive_ip, S_00000261a9eccde0;
    %join;
    %pushi/vec4 1, 0, 1;
    %store/vec4 v00000261a9eccf70_0, 0, 1;
    %pushi/vec4 0, 0, 1;
    %store/vec4 v00000261a9e96b30_0, 0, 1;
    %fork TD_tb_dff.drive_ip, S_00000261a9eccde0;
    %join;
    %pushi/vec4 0, 0, 1;
    %store/vec4 v00000261a9eccf70_0, 0, 1;
    %pushi/vec4 1, 0, 1;
    %store/vec4 v00000261a9e96b30_0, 0, 1;
    %fork TD_tb_dff.drive_ip, S_00000261a9eccde0;
    %join;
    %pushi/vec4 1, 0, 1;
    %store/vec4 v00000261a9eccf70_0, 0, 1;
    %pushi/vec4 1, 0, 1;
    %store/vec4 v00000261a9e96b30_0, 0, 1;
    %fork TD_tb_dff.drive_ip, S_00000261a9eccde0;
    %join;
    %end;
t_2 ;
    %pushi/vec4 4, 0, 32;
T_7.0 %dup/vec4;
    %pushi/vec4 0, 0, 32;
    %cmp/s;
    %jmp/1xz T_7.1, 5;
    %jmp/1 T_7.1, 4;
    %pushi/vec4 1, 0, 32;
    %sub;
    %wait E_00000261a9ebaca0;
    %pushi/str "Dff check";
    %store/str v00000261a9eba0d0_0;
    %fork TD_tb_dff.check, S_00000261a9eccc50;
    %join;
    %jmp T_7.0;
T_7.1 ;
    %pop/vec4 1;
    %end;
    .scope S_00000261a9ebc530;
t_0 ;
    %vpi_call/w 3 99 "$display", "Test completed" {0 0 0};
    %delay 10, 0;
    %vpi_call/w 3 100 "$finish" {0 0 0};
    %end;
    .thread T_7;
# The file index is used to find the file name in the following table.
:file_names 5;
    "N/A";
    "<interactive>";
    "-";
    "tb_dff.sv";
    "d_ff.sv";
