#! /mingw64/bin/vvp
:ivl_version "12.0 (stable)";
:ivl_delay_selection "TYPICAL";
:vpi_time_precision + 0;
:vpi_module "C:\msys64\mingw64\lib\ivl\system.vpi";
:vpi_module "C:\msys64\mingw64\lib\ivl\vhdl_sys.vpi";
:vpi_module "C:\msys64\mingw64\lib\ivl\vhdl_textio.vpi";
:vpi_module "C:\msys64\mingw64\lib\ivl\v2005_math.vpi";
:vpi_module "C:\msys64\mingw64\lib\ivl\va_math.vpi";
:vpi_module "C:\msys64\mingw64\lib\ivl\v2009.vpi";
S_000001d70386a150 .scope package, "$unit" "$unit" 2 1;
 .timescale 0 0;
S_000001d70386cd30 .scope module, "tb_mux2" "tb_mux2" 3 2;
 .timescale 0 0;
v000001d70386a2e0_0 .var "a", 0 0;
v000001d70386a380_0 .var "b", 0 0;
v000001d7038b89a0_0 .var "sel", 0 0;
v000001d7038b8a40_0 .net "y", 0 0, v000001d70386d0f0_0;  1 drivers
S_000001d70386cec0 .scope module, "dut" "mux2" 3 11, 4 2 0, S_000001d70386cd30;
 .timescale 0 0;
    .port_info 0 /INPUT 1 "a";
    .port_info 1 /INPUT 1 "b";
    .port_info 2 /INPUT 1 "sel";
    .port_info 3 /OUTPUT 1 "y";
v000001d7038b8fc0_0 .net "a", 0 0, v000001d70386a2e0_0;  1 drivers
v000001d703886b30_0 .net "b", 0 0, v000001d70386a380_0;  1 drivers
v000001d70386d050_0 .net "sel", 0 0, v000001d7038b89a0_0;  1 drivers
v000001d70386d0f0_0 .var "y", 0 0;
E_000001d70386be70 .event anyedge, v000001d70386d050_0, v000001d703886b30_0, v000001d7038b8fc0_0;
    .scope S_000001d70386cec0;
T_0 ;
Ewait_0 .event/or E_000001d70386be70, E_0x0;
    %wait Ewait_0;
    %load/vec4 v000001d70386d050_0;
    %flag_set/vec4 8;
    %jmp/0xz  T_0.0, 8;
    %load/vec4 v000001d703886b30_0;
    %store/vec4 v000001d70386d0f0_0, 0, 1;
    %jmp T_0.1;
T_0.0 ;
    %load/vec4 v000001d7038b8fc0_0;
    %store/vec4 v000001d70386d0f0_0, 0, 1;
T_0.1 ;
    %jmp T_0;
    .thread T_0, $push;
    .scope S_000001d70386cd30;
T_1 ;
    %vpi_call/w 3 21 "$dumpfile", "mux2.vcd" {0 0 0};
    %vpi_call/w 3 22 "$dumpvars", 32'sb00000000000000000000000000000000, S_000001d70386cd30 {0 0 0};
    %pushi/vec4 0, 0, 1;
    %store/vec4 v000001d70386a2e0_0, 0, 1;
    %pushi/vec4 0, 0, 1;
    %store/vec4 v000001d70386a380_0, 0, 1;
    %pushi/vec4 0, 0, 1;
    %store/vec4 v000001d7038b89a0_0, 0, 1;
    %delay 10, 0;
    %pushi/vec4 0, 0, 1;
    %store/vec4 v000001d70386a2e0_0, 0, 1;
    %pushi/vec4 1, 0, 1;
    %store/vec4 v000001d70386a380_0, 0, 1;
    %pushi/vec4 0, 0, 1;
    %store/vec4 v000001d7038b89a0_0, 0, 1;
    %delay 10, 0;
    %pushi/vec4 1, 0, 1;
    %store/vec4 v000001d70386a2e0_0, 0, 1;
    %pushi/vec4 0, 0, 1;
    %store/vec4 v000001d70386a380_0, 0, 1;
    %pushi/vec4 1, 0, 1;
    %store/vec4 v000001d7038b89a0_0, 0, 1;
    %delay 10, 0;
    %pushi/vec4 1, 0, 1;
    %store/vec4 v000001d70386a2e0_0, 0, 1;
    %pushi/vec4 1, 0, 1;
    %store/vec4 v000001d70386a380_0, 0, 1;
    %pushi/vec4 1, 0, 1;
    %store/vec4 v000001d7038b89a0_0, 0, 1;
    %delay 10, 0;
    %vpi_call/w 3 31 "$display", "Environment check PASSED" {0 0 0};
    %vpi_call/w 3 32 "$finish" {0 0 0};
    %end;
    .thread T_1;
# The file index is used to find the file name in the following table.
:file_names 5;
    "N/A";
    "<interactive>";
    "-";
    "tb_mux2_1.sv";
    "mux2_1.sv";
